Determining if the pthread_create exist failed with the following output:
Change Dir: /home/odroid/catkin_ws/src/image_pipeline/image_rotate/build/CMakeFiles/CMakeTmp

Run Build Command:"/usr/bin/make" "cmTC_691cb/fast"
/usr/bin/make -f CMakeFiles/cmTC_691cb.dir/build.make CMakeFiles/cmTC_691cb.dir/build
make[1]: Entering directory '/home/odroid/catkin_ws/src/image_pipeline/image_rotate/build/CMakeFiles/CMakeTmp'
Building C object CMakeFiles/cmTC_691cb.dir/CheckSymbolExists.c.o
/usr/bin/cc     -o CMakeFiles/cmTC_691cb.dir/CheckSymbolExists.c.o   -c /home/odroid/catkin_ws/src/image_pipeline/image_rotate/build/CMakeFiles/CMakeTmp/CheckSymbolExists.c
Linking C executable cmTC_691cb
/usr/bin/cmake -E cmake_link_script CMakeFiles/cmTC_691cb.dir/link.txt --verbose=1
/usr/bin/cc       CMakeFiles/cmTC_691cb.dir/CheckSymbolExists.c.o  -o cmTC_691cb -rdynamic 
CMakeFiles/cmTC_691cb.dir/CheckSymbolExists.c.o: In function `main':
CheckSymbolExists.c:(.text+0xe): undefined reference to `pthread_create'
CheckSymbolExists.c:(.text+0x12): undefined reference to `pthread_create'
collect2: error: ld returned 1 exit status
CMakeFiles/cmTC_691cb.dir/build.make:97: recipe for target 'cmTC_691cb' failed
make[1]: *** [cmTC_691cb] Error 1
make[1]: Leaving directory '/home/odroid/catkin_ws/src/image_pipeline/image_rotate/build/CMakeFiles/CMakeTmp'
Makefile:126: recipe for target 'cmTC_691cb/fast' failed
make: *** [cmTC_691cb/fast] Error 2

File /home/odroid/catkin_ws/src/image_pipeline/image_rotate/build/CMakeFiles/CMakeTmp/CheckSymbolExists.c:
/* */
#include <pthread.h>

int main(int argc, char** argv)
{
  (void)argv;
#ifndef pthread_create
  return ((int*)(&pthread_create))[argc];
#else
  (void)argc;
  return 0;
#endif
}

Determining if the function pthread_create exists in the pthreads failed with the following output:
Change Dir: /home/odroid/catkin_ws/src/image_pipeline/image_rotate/build/CMakeFiles/CMakeTmp

Run Build Command:"/usr/bin/make" "cmTC_d312a/fast"
/usr/bin/make -f CMakeFiles/cmTC_d312a.dir/build.make CMakeFiles/cmTC_d312a.dir/build
make[1]: Entering directory '/home/odroid/catkin_ws/src/image_pipeline/image_rotate/build/CMakeFiles/CMakeTmp'
Building C object CMakeFiles/cmTC_d312a.dir/CheckFunctionExists.c.o
/usr/bin/cc    -DCHECK_FUNCTION_EXISTS=pthread_create   -o CMakeFiles/cmTC_d312a.dir/CheckFunctionExists.c.o   -c /usr/share/cmake-3.5/Modules/CheckFunctionExists.c
Linking C executable cmTC_d312a
/usr/bin/cmake -E cmake_link_script CMakeFiles/cmTC_d312a.dir/link.txt --verbose=1
/usr/bin/cc   -DCHECK_FUNCTION_EXISTS=pthread_create    CMakeFiles/cmTC_d312a.dir/CheckFunctionExists.c.o  -o cmTC_d312a -rdynamic -lpthreads 
/usr/bin/ld: cannot find -lpthreads
collect2: error: ld returned 1 exit status
CMakeFiles/cmTC_d312a.dir/build.make:97: recipe for target 'cmTC_d312a' failed
make[1]: *** [cmTC_d312a] Error 1
make[1]: Leaving directory '/home/odroid/catkin_ws/src/image_pipeline/image_rotate/build/CMakeFiles/CMakeTmp'
Makefile:126: recipe for target 'cmTC_d312a/fast' failed
make: *** [cmTC_d312a/fast] Error 2


