Determining if the pthread_create exist failed with the following output:
Change Dir: /home/odroid/catkin_ws/src/image_pipeline/depth_image_proc/build/CMakeFiles/CMakeTmp

Run Build Command:"/usr/bin/make" "cmTC_01d7d/fast"
/usr/bin/make -f CMakeFiles/cmTC_01d7d.dir/build.make CMakeFiles/cmTC_01d7d.dir/build
make[1]: Entering directory '/home/odroid/catkin_ws/src/image_pipeline/depth_image_proc/build/CMakeFiles/CMakeTmp'
Building C object CMakeFiles/cmTC_01d7d.dir/CheckSymbolExists.c.o
/usr/bin/cc     -o CMakeFiles/cmTC_01d7d.dir/CheckSymbolExists.c.o   -c /home/odroid/catkin_ws/src/image_pipeline/depth_image_proc/build/CMakeFiles/CMakeTmp/CheckSymbolExists.c
Linking C executable cmTC_01d7d
/usr/bin/cmake -E cmake_link_script CMakeFiles/cmTC_01d7d.dir/link.txt --verbose=1
/usr/bin/cc       CMakeFiles/cmTC_01d7d.dir/CheckSymbolExists.c.o  -o cmTC_01d7d -rdynamic 
CMakeFiles/cmTC_01d7d.dir/CheckSymbolExists.c.o: In function `main':
CheckSymbolExists.c:(.text+0xe): undefined reference to `pthread_create'
CheckSymbolExists.c:(.text+0x12): undefined reference to `pthread_create'
collect2: error: ld returned 1 exit status
CMakeFiles/cmTC_01d7d.dir/build.make:97: recipe for target 'cmTC_01d7d' failed
make[1]: *** [cmTC_01d7d] Error 1
make[1]: Leaving directory '/home/odroid/catkin_ws/src/image_pipeline/depth_image_proc/build/CMakeFiles/CMakeTmp'
Makefile:126: recipe for target 'cmTC_01d7d/fast' failed
make: *** [cmTC_01d7d/fast] Error 2

File /home/odroid/catkin_ws/src/image_pipeline/depth_image_proc/build/CMakeFiles/CMakeTmp/CheckSymbolExists.c:
/* */
#include <pthread.h>

int main(int argc, char** argv)
{
  (void)argv;
#ifndef pthread_create
  return ((int*)(&pthread_create))[argc];
#else
  (void)argc;
  return 0;
#endif
}

Determining if the function pthread_create exists in the pthreads failed with the following output:
Change Dir: /home/odroid/catkin_ws/src/image_pipeline/depth_image_proc/build/CMakeFiles/CMakeTmp

Run Build Command:"/usr/bin/make" "cmTC_3a81f/fast"
/usr/bin/make -f CMakeFiles/cmTC_3a81f.dir/build.make CMakeFiles/cmTC_3a81f.dir/build
make[1]: Entering directory '/home/odroid/catkin_ws/src/image_pipeline/depth_image_proc/build/CMakeFiles/CMakeTmp'
Building C object CMakeFiles/cmTC_3a81f.dir/CheckFunctionExists.c.o
/usr/bin/cc    -DCHECK_FUNCTION_EXISTS=pthread_create   -o CMakeFiles/cmTC_3a81f.dir/CheckFunctionExists.c.o   -c /usr/share/cmake-3.5/Modules/CheckFunctionExists.c
Linking C executable cmTC_3a81f
/usr/bin/cmake -E cmake_link_script CMakeFiles/cmTC_3a81f.dir/link.txt --verbose=1
/usr/bin/cc   -DCHECK_FUNCTION_EXISTS=pthread_create    CMakeFiles/cmTC_3a81f.dir/CheckFunctionExists.c.o  -o cmTC_3a81f -rdynamic -lpthreads 
/usr/bin/ld: cannot find -lpthreads
collect2: error: ld returned 1 exit status
CMakeFiles/cmTC_3a81f.dir/build.make:97: recipe for target 'cmTC_3a81f' failed
make[1]: *** [cmTC_3a81f] Error 1
make[1]: Leaving directory '/home/odroid/catkin_ws/src/image_pipeline/depth_image_proc/build/CMakeFiles/CMakeTmp'
Makefile:126: recipe for target 'cmTC_3a81f/fast' failed
make: *** [cmTC_3a81f/fast] Error 2


