Determining if the pthread_create exist failed with the following output:
Change Dir: /home/odroid/catkin_ws/src/image_pipeline/image_view/build/CMakeFiles/CMakeTmp

Run Build Command:"/usr/bin/make" "cmTC_60df6/fast"
/usr/bin/make -f CMakeFiles/cmTC_60df6.dir/build.make CMakeFiles/cmTC_60df6.dir/build
make[1]: Entering directory '/home/odroid/catkin_ws/src/image_pipeline/image_view/build/CMakeFiles/CMakeTmp'
Building C object CMakeFiles/cmTC_60df6.dir/CheckSymbolExists.c.o
/usr/bin/cc     -o CMakeFiles/cmTC_60df6.dir/CheckSymbolExists.c.o   -c /home/odroid/catkin_ws/src/image_pipeline/image_view/build/CMakeFiles/CMakeTmp/CheckSymbolExists.c
Linking C executable cmTC_60df6
/usr/bin/cmake -E cmake_link_script CMakeFiles/cmTC_60df6.dir/link.txt --verbose=1
/usr/bin/cc       CMakeFiles/cmTC_60df6.dir/CheckSymbolExists.c.o  -o cmTC_60df6 -rdynamic 
CMakeFiles/cmTC_60df6.dir/CheckSymbolExists.c.o: In function `main':
CheckSymbolExists.c:(.text+0xe): undefined reference to `pthread_create'
CheckSymbolExists.c:(.text+0x12): undefined reference to `pthread_create'
collect2: error: ld returned 1 exit status
CMakeFiles/cmTC_60df6.dir/build.make:97: recipe for target 'cmTC_60df6' failed
make[1]: *** [cmTC_60df6] Error 1
make[1]: Leaving directory '/home/odroid/catkin_ws/src/image_pipeline/image_view/build/CMakeFiles/CMakeTmp'
Makefile:126: recipe for target 'cmTC_60df6/fast' failed
make: *** [cmTC_60df6/fast] Error 2

File /home/odroid/catkin_ws/src/image_pipeline/image_view/build/CMakeFiles/CMakeTmp/CheckSymbolExists.c:
/* */
#include <pthread.h>

int main(int argc, char** argv)
{
  (void)argv;
#ifndef pthread_create
  return ((int*)(&pthread_create))[argc];
#else
  (void)argc;
  return 0;
#endif
}

Determining if the function pthread_create exists in the pthreads failed with the following output:
Change Dir: /home/odroid/catkin_ws/src/image_pipeline/image_view/build/CMakeFiles/CMakeTmp

Run Build Command:"/usr/bin/make" "cmTC_e33bc/fast"
/usr/bin/make -f CMakeFiles/cmTC_e33bc.dir/build.make CMakeFiles/cmTC_e33bc.dir/build
make[1]: Entering directory '/home/odroid/catkin_ws/src/image_pipeline/image_view/build/CMakeFiles/CMakeTmp'
Building C object CMakeFiles/cmTC_e33bc.dir/CheckFunctionExists.c.o
/usr/bin/cc    -DCHECK_FUNCTION_EXISTS=pthread_create   -o CMakeFiles/cmTC_e33bc.dir/CheckFunctionExists.c.o   -c /usr/share/cmake-3.5/Modules/CheckFunctionExists.c
Linking C executable cmTC_e33bc
/usr/bin/cmake -E cmake_link_script CMakeFiles/cmTC_e33bc.dir/link.txt --verbose=1
/usr/bin/cc   -DCHECK_FUNCTION_EXISTS=pthread_create    CMakeFiles/cmTC_e33bc.dir/CheckFunctionExists.c.o  -o cmTC_e33bc -rdynamic -lpthreads 
/usr/bin/ld: cannot find -lpthreads
collect2: error: ld returned 1 exit status
CMakeFiles/cmTC_e33bc.dir/build.make:97: recipe for target 'cmTC_e33bc' failed
make[1]: *** [cmTC_e33bc] Error 1
make[1]: Leaving directory '/home/odroid/catkin_ws/src/image_pipeline/image_view/build/CMakeFiles/CMakeTmp'
Makefile:126: recipe for target 'cmTC_e33bc/fast' failed
make: *** [cmTC_e33bc/fast] Error 2


