Determining if the pthread_create exist failed with the following output:
Change Dir: /home/odroid/catkin_ws/src/image_pipeline/image_publisher/build/CMakeFiles/CMakeTmp

Run Build Command:"/usr/bin/make" "cmTC_33309/fast"
/usr/bin/make -f CMakeFiles/cmTC_33309.dir/build.make CMakeFiles/cmTC_33309.dir/build
make[1]: Entering directory '/home/odroid/catkin_ws/src/image_pipeline/image_publisher/build/CMakeFiles/CMakeTmp'
Building C object CMakeFiles/cmTC_33309.dir/CheckSymbolExists.c.o
/usr/bin/cc     -o CMakeFiles/cmTC_33309.dir/CheckSymbolExists.c.o   -c /home/odroid/catkin_ws/src/image_pipeline/image_publisher/build/CMakeFiles/CMakeTmp/CheckSymbolExists.c
Linking C executable cmTC_33309
/usr/bin/cmake -E cmake_link_script CMakeFiles/cmTC_33309.dir/link.txt --verbose=1
/usr/bin/cc       CMakeFiles/cmTC_33309.dir/CheckSymbolExists.c.o  -o cmTC_33309 -rdynamic 
CMakeFiles/cmTC_33309.dir/CheckSymbolExists.c.o: In function `main':
CheckSymbolExists.c:(.text+0xe): undefined reference to `pthread_create'
CheckSymbolExists.c:(.text+0x12): undefined reference to `pthread_create'
collect2: error: ld returned 1 exit status
CMakeFiles/cmTC_33309.dir/build.make:97: recipe for target 'cmTC_33309' failed
make[1]: *** [cmTC_33309] Error 1
make[1]: Leaving directory '/home/odroid/catkin_ws/src/image_pipeline/image_publisher/build/CMakeFiles/CMakeTmp'
Makefile:126: recipe for target 'cmTC_33309/fast' failed
make: *** [cmTC_33309/fast] Error 2

File /home/odroid/catkin_ws/src/image_pipeline/image_publisher/build/CMakeFiles/CMakeTmp/CheckSymbolExists.c:
/* */
#include <pthread.h>

int main(int argc, char** argv)
{
  (void)argv;
#ifndef pthread_create
  return ((int*)(&pthread_create))[argc];
#else
  (void)argc;
  return 0;
#endif
}

Determining if the function pthread_create exists in the pthreads failed with the following output:
Change Dir: /home/odroid/catkin_ws/src/image_pipeline/image_publisher/build/CMakeFiles/CMakeTmp

Run Build Command:"/usr/bin/make" "cmTC_9ae5b/fast"
/usr/bin/make -f CMakeFiles/cmTC_9ae5b.dir/build.make CMakeFiles/cmTC_9ae5b.dir/build
make[1]: Entering directory '/home/odroid/catkin_ws/src/image_pipeline/image_publisher/build/CMakeFiles/CMakeTmp'
Building C object CMakeFiles/cmTC_9ae5b.dir/CheckFunctionExists.c.o
/usr/bin/cc    -DCHECK_FUNCTION_EXISTS=pthread_create   -o CMakeFiles/cmTC_9ae5b.dir/CheckFunctionExists.c.o   -c /usr/share/cmake-3.5/Modules/CheckFunctionExists.c
Linking C executable cmTC_9ae5b
/usr/bin/cmake -E cmake_link_script CMakeFiles/cmTC_9ae5b.dir/link.txt --verbose=1
/usr/bin/cc   -DCHECK_FUNCTION_EXISTS=pthread_create    CMakeFiles/cmTC_9ae5b.dir/CheckFunctionExists.c.o  -o cmTC_9ae5b -rdynamic -lpthreads 
/usr/bin/ld: cannot find -lpthreads
collect2: error: ld returned 1 exit status
CMakeFiles/cmTC_9ae5b.dir/build.make:97: recipe for target 'cmTC_9ae5b' failed
make[1]: *** [cmTC_9ae5b] Error 1
make[1]: Leaving directory '/home/odroid/catkin_ws/src/image_pipeline/image_publisher/build/CMakeFiles/CMakeTmp'
Makefile:126: recipe for target 'cmTC_9ae5b/fast' failed
make: *** [cmTC_9ae5b/fast] Error 2


